ACTION: 2024/11/03 18:51:12 logger.go:25: Initializing application...
ACTION: 2024/11/03 18:51:12 logger.go:25: Initializing configuration...
ACTION: 2024/11/03 18:51:12 logger.go:25: Configuration initialized
ACTION: 2024/11/03 18:51:12 logger.go:25: Initializing database...
ACTION: 2024/11/03 18:51:12 logger.go:25: Database initialized
ACTION: 2024/11/03 18:51:12 logger.go:25: Initializing cache...
ACTION: 2024/11/03 18:51:12 logger.go:25: Cache initialized
ACTION: 2024/11/03 18:51:12 logger.go:25: Initializing bot...
ACTION: 2024/11/03 18:51:12 logger.go:25: Creating new BotAPI instance...
ACTION: 2024/11/03 18:51:13 logger.go:25: BotAPI instance created successfully
ACTION: 2024/11/03 18:51:13 logger.go:25: Bot initialized
ACTION: 2024/11/03 18:51:13 logger.go:25: Bot components created
ACTION: 2024/11/03 18:51:13 logger.go:25: Bot started
ACTION: 2024/11/03 18:51:13 logger.go:25: Starting to receive updates...
ACTION: 2024/11/03 18:51:19 logger.go:25: Received message from user 745637014: /start
ACTION: 2024/11/03 18:51:22 logger.go:25: Received message from user 745637014: 
ACTION: 2024/11/03 19:02:20 logger.go:25: Initializing application...
ACTION: 2024/11/03 19:02:20 logger.go:25: Initializing configuration...
ACTION: 2024/11/03 19:02:20 logger.go:25: Configuration initialized
ACTION: 2024/11/03 19:02:20 logger.go:25: Initializing database...
ACTION: 2024/11/03 19:02:21 logger.go:25: Database initialized
ACTION: 2024/11/03 19:02:21 logger.go:25: Initializing cache...
ACTION: 2024/11/03 19:02:21 logger.go:25: Cache initialized
ACTION: 2024/11/03 19:02:21 logger.go:25: Initializing bot...
ACTION: 2024/11/03 19:02:21 logger.go:25: Creating new BotAPI instance...
ACTION: 2024/11/03 19:02:21 logger.go:25: BotAPI instance created successfully
ACTION: 2024/11/03 19:02:21 logger.go:25: Bot initialized
ACTION: 2024/11/03 19:02:21 logger.go:25: Bot components created
ACTION: 2024/11/03 19:02:21 logger.go:25: Bot started
ACTION: 2024/11/03 19:02:21 logger.go:25: Starting to receive updates...
ACTION: 2024/11/03 19:02:34 logger.go:25: Received message from user 745637014: /start
ACTION: 2024/11/03 19:02:40 logger.go:25: Received message from user 745637014: /book
ACTION: 2024/11/03 19:02:41 logger.go:25: Received callback query from user 745637014: service:be974524-3261-45eb-bb3d-ed3f17952f9c
ACTION: 2024/11/03 19:02:45 logger.go:25: Received callback query from user 745637014: date:2024-11-09
ACTION: 2024/11/03 19:02:55 logger.go:25: Received callback query from user 745637014: date:2024-11-16
ACTION: 2024/11/03 19:03:54 logger.go:25: Initializing application...
ACTION: 2024/11/03 19:03:54 logger.go:25: Initializing configuration...
ACTION: 2024/11/03 19:03:54 logger.go:25: Configuration initialized
ACTION: 2024/11/03 19:03:54 logger.go:25: Initializing database...
ACTION: 2024/11/03 19:03:55 logger.go:25: Database initialized
ACTION: 2024/11/03 19:03:55 logger.go:25: Initializing cache...
ACTION: 2024/11/03 19:03:55 logger.go:25: Cache initialized
ACTION: 2024/11/03 19:03:55 logger.go:25: Initializing bot...
ACTION: 2024/11/03 19:03:55 logger.go:25: Creating new BotAPI instance...
ACTION: 2024/11/03 19:03:55 logger.go:25: BotAPI instance created successfully
ACTION: 2024/11/03 19:03:55 logger.go:25: Bot initialized
ACTION: 2024/11/03 19:03:55 logger.go:25: Bot components created
ACTION: 2024/11/03 19:03:55 logger.go:25: Bot started
ACTION: 2024/11/03 19:03:55 logger.go:25: Starting to receive updates...
ACTION: 2024/11/03 19:03:59 logger.go:25: Received message from user 745637014: /start
ACTION: 2024/11/03 19:04:00 logger.go:25: Received message from user 745637014: /book
ACTION: 2024/11/03 19:04:02 logger.go:25: Received callback query from user 745637014: service:5e3e6a84-dbf5-4446-a15a-bacc56d4b112
ACTION: 2024/11/03 19:04:03 logger.go:25: Received callback query from user 745637014: date:2024-11-09
ACTION: 2024/11/03 19:04:17 logger.go:25: Initializing application...
ACTION: 2024/11/03 19:04:17 logger.go:25: Initializing configuration...
ACTION: 2024/11/03 19:04:17 logger.go:25: Configuration initialized
ACTION: 2024/11/03 19:04:17 logger.go:25: Initializing database...
ACTION: 2024/11/03 19:04:18 logger.go:25: Database initialized
ACTION: 2024/11/03 19:04:18 logger.go:25: Initializing cache...
ACTION: 2024/11/03 19:04:18 logger.go:25: Cache initialized
ACTION: 2024/11/03 19:04:18 logger.go:25: Initializing bot...
ACTION: 2024/11/03 19:04:18 logger.go:25: Creating new BotAPI instance...
ACTION: 2024/11/03 19:04:18 logger.go:25: BotAPI instance created successfully
ACTION: 2024/11/03 19:04:18 logger.go:25: Bot initialized
ACTION: 2024/11/03 19:04:18 logger.go:25: Bot components created
ACTION: 2024/11/03 19:04:18 logger.go:25: Bot started
ACTION: 2024/11/03 19:04:18 logger.go:25: Starting to receive updates...
ACTION: 2024/11/03 19:04:20 logger.go:25: Received message from user 745637014: /start
ACTION: 2024/11/03 19:04:22 logger.go:25: Received message from user 745637014: /book
ACTION: 2024/11/03 19:04:23 logger.go:25: Received callback query from user 745637014: service:be974524-3261-45eb-bb3d-ed3f17952f9c
ACTION: 2024/11/03 19:04:25 logger.go:25: Received callback query from user 745637014: date:2024-11-09
